<?xml version="1.0" encoding="UTF-8"?>
<testsuite name="com.bridgelabz.employeepayrolljdbctest.EmployeeDBTest" tests="1" skipped="0" failures="0" errors="0" timestamp="2021-06-22T12:24:58" hostname="MD-CJDKE06555KH" time="0.293">
  <properties/>
  <testcase name="givenPayrollDataWhenAverageSalaryRetrievedByGenderShouldReturnProperValue" classname="com.bridgelabz.employeepayrolljdbctest.EmployeeDBTest" time="0.293"/>
  <system-out><![CDATA[..........Connection Successful..........
]]></system-out>
  <system-err><![CDATA[]]></system-err>
</testsuite>
